<?xml version="1.0" encoding="UTF-8"?>
<testng-results skipped="0" failed="0" ignored="0" total="1" passed="1">
  <reporter-output>
  </reporter-output>
  <suite name="Default suite" duration-ms="47456" started-at="2018-02-26T11:26:39Z" finished-at="2018-02-26T11:27:27Z">
    <groups>
    </groups>
    <test name="Default test" duration-ms="47456" started-at="2018-02-26T11:26:39Z" finished-at="2018-02-26T11:27:27Z">
      <class name="testCases.TestAddToCart">
        <test-method status="PASS" signature="setUp()[pri:0, instance:testCases.TestAddToCart@ae45eb6]" name="setUp" is-config="true" duration-ms="62986" started-at="2018-02-26T11:25:36Z" finished-at="2018-02-26T11:26:39Z">
          <reporter-output>
          </reporter-output>
        </test-method> <!-- setUp -->
        <test-method status="PASS" signature="init()[pri:0, instance:testCases.TestAddToCart@ae45eb6]" name="init" is-config="true" duration-ms="378" started-at="2018-02-26T11:26:39Z" finished-at="2018-02-26T11:26:40Z">
          <reporter-output>
          </reporter-output>
        </test-method> <!-- init -->
        <test-method status="PASS" signature="loginEbay()[pri:0, instance:testCases.TestAddToCart@ae45eb6]" name="loginEbay" duration-ms="46891" started-at="2018-02-26T11:26:40Z" finished-at="2018-02-26T11:27:27Z">
          <reporter-output>
          </reporter-output>
        </test-method> <!-- loginEbay -->
        <test-method status="PASS" signature="tearDown()[pri:0, instance:testCases.TestAddToCart@ae45eb6]" name="tearDown" is-config="true" duration-ms="2092" started-at="2018-02-26T11:27:27Z" finished-at="2018-02-26T11:27:29Z">
          <reporter-output>
          </reporter-output>
        </test-method> <!-- tearDown -->
      </class> <!-- testCases.TestAddToCart -->
    </test> <!-- Default test -->
  </suite> <!-- Default suite -->
</testng-results>
