<?xml version="1.0" encoding="UTF-8"?>
<testng-results skipped="0" failed="0" ignored="0" total="1" passed="1">
  <reporter-output>
  </reporter-output>
  <suite name="Default suite" duration-ms="40439" started-at="2018-03-06T06:43:43Z" finished-at="2018-03-06T06:44:24Z">
    <groups>
    </groups>
    <test name="Default test" duration-ms="40439" started-at="2018-03-06T06:43:43Z" finished-at="2018-03-06T06:44:24Z">
      <class name="testCases.TestAddToCart">
        <test-method status="PASS" signature="setUp()[pri:0, instance:testCases.TestAddToCart@ae45eb6]" name="setUp" is-config="true" duration-ms="6517" started-at="2018-03-06T06:43:37Z" finished-at="2018-03-06T06:43:43Z">
          <reporter-output>
          </reporter-output>
        </test-method> <!-- setUp -->
        <test-method status="PASS" signature="init()[pri:0, instance:testCases.TestAddToCart@ae45eb6]" name="init" is-config="true" duration-ms="51" started-at="2018-03-06T06:43:43Z" finished-at="2018-03-06T06:43:43Z">
          <reporter-output>
          </reporter-output>
        </test-method> <!-- init -->
        <test-method status="PASS" signature="loginEbay()[pri:0, instance:testCases.TestAddToCart@ae45eb6]" name="loginEbay" duration-ms="40302" started-at="2018-03-06T06:43:43Z" finished-at="2018-03-06T06:44:24Z">
          <reporter-output>
          </reporter-output>
        </test-method> <!-- loginEbay -->
        <test-method status="PASS" signature="tearDown()[pri:0, instance:testCases.TestAddToCart@ae45eb6]" name="tearDown" is-config="true" duration-ms="1214" started-at="2018-03-06T06:44:24Z" finished-at="2018-03-06T06:44:25Z">
          <reporter-output>
          </reporter-output>
        </test-method> <!-- tearDown -->
      </class> <!-- testCases.TestAddToCart -->
    </test> <!-- Default test -->
  </suite> <!-- Default suite -->
</testng-results>
